c:\users\tay\documents\github\rts\project9\project9\x64\debug\vc141.pdb
c:\users\tay\documents\github\rts\project9\project9\x64\debug\.netframework,version=v4.6.1.assemblyattributes.obj
c:\users\tay\documents\github\rts\project9\project9\x64\debug\.netframework,version=v4.6.1.assemblyattributes.asm
c:\users\tay\documents\github\rts\project9\project9\x64\debug\myform.obj
c:\users\tay\documents\github\rts\project9\project9\x64\debug\fleet.obj
c:\users\tay\documents\github\rts\project9\project9\x64\debug\board.obj
c:\users\tay\documents\github\rts\project9\x64\debug\project9.exe
c:\users\tay\documents\github\rts\project9\x64\debug\project9.pdb
c:\users\tay\documents\github\rts\project9\project9\x64\debug\project9.myform.resources
c:\users\tay\documents\github\rts\project9\project9\x64\debug\project9.vcxproj.generateresource.cache
c:\users\tay\documents\github\rts\project9\project9\x64\debug\project9.vcxprojassemblyreference.cache
c:\users\tay\documents\github\rts\project9\project9\x64\debug\project9.tlog\cl.command.1.tlog
c:\users\tay\documents\github\rts\project9\project9\x64\debug\project9.tlog\cl.read.1.tlog
c:\users\tay\documents\github\rts\project9\project9\x64\debug\project9.tlog\cl.write.1.tlog
c:\users\tay\documents\github\rts\project9\project9\x64\debug\project9.tlog\link.command.1.tlog
c:\users\tay\documents\github\rts\project9\project9\x64\debug\project9.tlog\link.read.1.tlog
c:\users\tay\documents\github\rts\project9\project9\x64\debug\project9.tlog\link.write.1.tlog
c:\users\tay\documents\github\rts\project9\project9\x64\debug\project9.tlog\metagen.read.1.tlog
c:\users\tay\documents\github\rts\project9\project9\x64\debug\project9.tlog\metagen.write.1.tlog
c:\users\tay\documents\github\rts\project9\project9\x64\debug\project9.tlog\project9.write.1u.tlog
c:\users\tay\documents\github\rts\project9\project9\x64\debug\project9.tlog\tzres.dll.bi
